\BOOKMARK [0][-]{chapter.1}{\376\377\000C\000l\000a\000s\000s\000\040\000I\000n\000d\000e\000x}{}
\BOOKMARK [1][-]{section.1.1}{\376\377\000C\000l\000a\000s\000s\000\040\000H\000i\000e\000r\000a\000r\000c\000h\000y}{chapter.1}
\BOOKMARK [0][-]{chapter.2}{\376\377\000C\000l\000a\000s\000s\000\040\000I\000n\000d\000e\000x}{}
\BOOKMARK [1][-]{section.2.1}{\376\377\000C\000l\000a\000s\000s\000\040\000L\000i\000s\000t}{chapter.2}
\BOOKMARK [0][-]{chapter.3}{\376\377\000F\000i\000l\000e\000\040\000I\000n\000d\000e\000x}{}
\BOOKMARK [1][-]{section.3.1}{\376\377\000F\000i\000l\000e\000\040\000L\000i\000s\000t}{chapter.3}
\BOOKMARK [0][-]{chapter.4}{\376\377\000C\000l\000a\000s\000s\000\040\000D\000o\000c\000u\000m\000e\000n\000t\000a\000t\000i\000o\000n}{}
\BOOKMARK [1][-]{section.4.1}{\376\377\000C\000u\000b\000e\000\040\000C\000l\000a\000s\000s\000\040\000R\000e\000f\000e\000r\000e\000n\000c\000e}{chapter.4}
\BOOKMARK [2][-]{subsection.4.1.1}{\376\377\000D\000e\000t\000a\000i\000l\000e\000d\000\040\000D\000e\000s\000c\000r\000i\000p\000t\000i\000o\000n}{section.4.1}
\BOOKMARK [2][-]{subsection.4.1.2}{\376\377\000C\000o\000n\000s\000t\000r\000u\000c\000t\000o\000r\000\040\000\046\000\040\000D\000e\000s\000t\000r\000u\000c\000t\000o\000r\000\040\000D\000o\000c\000u\000m\000e\000n\000t\000a\000t\000i\000o\000n}{section.4.1}
\BOOKMARK [3][-]{subsubsection.4.1.2.1}{\376\377\000C\000u\000b\000e}{subsection.4.1.2}
\BOOKMARK [3][-]{subsubsection.4.1.2.2}{\376\377\000C\000u\000b\000e}{subsection.4.1.2}
\BOOKMARK [3][-]{subsubsection.4.1.2.3}{\376\377\000C\000u\000b\000e}{subsection.4.1.2}
\BOOKMARK [2][-]{subsection.4.1.3}{\376\377\000M\000e\000m\000b\000e\000r\000\040\000F\000u\000n\000c\000t\000i\000o\000n\000\040\000D\000o\000c\000u\000m\000e\000n\000t\000a\000t\000i\000o\000n}{section.4.1}
\BOOKMARK [3][-]{subsubsection.4.1.3.1}{\376\377\000a\000g\000r\000e\000s\000s\000e\000r}{subsection.4.1.3}
\BOOKMARK [3][-]{subsubsection.4.1.3.2}{\376\377\000i\000n\000i\000t\000i\000a\000l\000i\000s\000e\000r\000E\000t\000a\000t}{subsection.4.1.3}
\BOOKMARK [1][-]{section.4.2}{\376\377\000E\000c\000o\000A\000g\000e\000n\000t\000\040\000C\000l\000a\000s\000s\000\040\000R\000e\000f\000e\000r\000e\000n\000c\000e}{chapter.4}
\BOOKMARK [2][-]{subsection.4.2.1}{\376\377\000D\000e\000t\000a\000i\000l\000e\000d\000\040\000D\000e\000s\000c\000r\000i\000p\000t\000i\000o\000n}{section.4.2}
\BOOKMARK [2][-]{subsection.4.2.2}{\376\377\000M\000e\000m\000b\000e\000r\000\040\000F\000u\000n\000c\000t\000i\000o\000n\000\040\000D\000o\000c\000u\000m\000e\000n\000t\000a\000t\000i\000o\000n}{section.4.2}
\BOOKMARK [3][-]{subsubsection.4.2.2.1}{\376\377\000a\000g\000r\000e\000s\000s\000e\000r}{subsection.4.2.2}
\BOOKMARK [3][-]{subsubsection.4.2.2.2}{\376\377\000g\000e\000t\000E\000t\000a\000t}{subsection.4.2.2}
\BOOKMARK [3][-]{subsubsection.4.2.2.3}{\376\377\000g\000e\000t\000I\000d}{subsection.4.2.2}
\BOOKMARK [3][-]{subsubsection.4.2.2.4}{\376\377\000g\000e\000t\000P\000o\000s\000i\000t\000i\000o\000n\000C\000o\000u\000r\000a\000n\000t\000e}{subsection.4.2.2}
\BOOKMARK [3][-]{subsubsection.4.2.2.5}{\376\377\000g\000e\000t\000P\000o\000s\000i\000t\000i\000o\000n\000F\000i\000n\000a\000l\000e}{subsection.4.2.2}
\BOOKMARK [3][-]{subsubsection.4.2.2.6}{\376\377\000s\000e\000t\000E\000t\000a\000t}{subsection.4.2.2}
\BOOKMARK [3][-]{subsubsection.4.2.2.7}{\376\377\000s\000e\000t\000I\000d}{subsection.4.2.2}
\BOOKMARK [3][-]{subsubsection.4.2.2.8}{\376\377\000s\000e\000t\000P\000o\000s\000i\000t\000i\000o\000n\000C\000o\000u\000r\000a\000n\000t\000e}{subsection.4.2.2}
\BOOKMARK [3][-]{subsubsection.4.2.2.9}{\376\377\000s\000e\000t\000P\000o\000s\000i\000t\000i\000o\000n\000F\000i\000n\000a\000l\000e}{subsection.4.2.2}
\BOOKMARK [1][-]{section.4.3}{\376\377\000E\000c\000o\000A\000g\000e\000n\000t\000I\000D\000\040\000C\000l\000a\000s\000s\000\040\000R\000e\000f\000e\000r\000e\000n\000c\000e}{chapter.4}
\BOOKMARK [2][-]{subsection.4.3.1}{\376\377\000D\000e\000t\000a\000i\000l\000e\000d\000\040\000D\000e\000s\000c\000r\000i\000p\000t\000i\000o\000n}{section.4.3}
\BOOKMARK [2][-]{subsection.4.3.2}{\376\377\000C\000o\000n\000s\000t\000r\000u\000c\000t\000o\000r\000\040\000\046\000\040\000D\000e\000s\000t\000r\000u\000c\000t\000o\000r\000\040\000D\000o\000c\000u\000m\000e\000n\000t\000a\000t\000i\000o\000n}{section.4.3}
\BOOKMARK [3][-]{subsubsection.4.3.2.1}{\376\377\000E\000c\000o\000A\000g\000e\000n\000t\000I\000D}{subsection.4.3.2}
\BOOKMARK [3][-]{subsubsection.4.3.2.2}{\376\377\000E\000c\000o\000A\000g\000e\000n\000t\000I\000D}{subsection.4.3.2}
\BOOKMARK [2][-]{subsection.4.3.3}{\376\377\000M\000e\000m\000b\000e\000r\000\040\000F\000u\000n\000c\000t\000i\000o\000n\000\040\000D\000o\000c\000u\000m\000e\000n\000t\000a\000t\000i\000o\000n}{section.4.3}
\BOOKMARK [3][-]{subsubsection.4.3.3.1}{\376\377\000g\000e\000t\000I\000d}{subsection.4.3.3}
\BOOKMARK [3][-]{subsubsection.4.3.3.2}{\376\377\000o\000p\000e\000r\000a\000t\000o\000r\000<}{subsection.4.3.3}
\BOOKMARK [3][-]{subsubsection.4.3.3.3}{\376\377\000o\000p\000e\000r\000a\000t\000o\000r\000=\000=}{subsection.4.3.3}
\BOOKMARK [1][-]{section.4.4}{\376\377\000P\000l\000a\000t\000e\000f\000o\000r\000m\000e\000E\000c\000o\000R\000e\000s\000o\000l\000u\000t\000i\000o\000n\000\040\000C\000l\000a\000s\000s\000\040\000R\000e\000f\000e\000r\000e\000n\000c\000e}{chapter.4}
\BOOKMARK [2][-]{subsection.4.4.1}{\376\377\000D\000e\000t\000a\000i\000l\000e\000d\000\040\000D\000e\000s\000c\000r\000i\000p\000t\000i\000o\000n}{section.4.4}
\BOOKMARK [2][-]{subsection.4.4.2}{\376\377\000C\000o\000n\000s\000t\000r\000u\000c\000t\000o\000r\000\040\000\046\000\040\000D\000e\000s\000t\000r\000u\000c\000t\000o\000r\000\040\000D\000o\000c\000u\000m\000e\000n\000t\000a\000t\000i\000o\000n}{section.4.4}
\BOOKMARK [3][-]{subsubsection.4.4.2.1}{\376\377\000P\000l\000a\000t\000e\000f\000o\000r\000m\000e\000E\000c\000o\000R\000e\000s\000o\000l\000u\000t\000i\000o\000n}{subsection.4.4.2}
\BOOKMARK [3][-]{subsubsection.4.4.2.2}{\376\377\000P\000l\000a\000t\000e\000f\000o\000r\000m\000e\000E\000c\000o\000R\000e\000s\000o\000l\000u\000t\000i\000o\000n}{subsection.4.4.2}
\BOOKMARK [2][-]{subsection.4.4.3}{\376\377\000M\000e\000m\000b\000e\000r\000\040\000F\000u\000n\000c\000t\000i\000o\000n\000\040\000D\000o\000c\000u\000m\000e\000n\000t\000a\000t\000i\000o\000n}{section.4.4}
\BOOKMARK [3][-]{subsubsection.4.4.3.1}{\376\377\000a\000d\000d\000E\000c\000o\000A\000g\000e\000n\000t}{subsection.4.4.3}
\BOOKMARK [3][-]{subsubsection.4.4.3.2}{\376\377\000a\000d\000d\000R\000e\000g\000l\000e}{subsection.4.4.3}
\BOOKMARK [3][-]{subsubsection.4.4.3.3}{\376\377\000g\000e\000t\000E\000c\000o\000A\000g\000e\000n\000t}{subsection.4.4.3}
\BOOKMARK [3][-]{subsubsection.4.4.3.4}{\376\377\000i\000n\000i\000t\000i\000a\000l\000i\000s\000e\000r}{subsection.4.4.3}
\BOOKMARK [3][-]{subsubsection.4.4.3.5}{\376\377\000r\000e\000s\000o\000u\000d\000r\000e}{subsection.4.4.3}
\BOOKMARK [3][-]{subsubsection.4.4.3.6}{\376\377\000v\000e\000r\000i\000f\000i\000e\000r\000C\000o\000h\000e\000r\000e\000n\000c\000e}{subsection.4.4.3}
\BOOKMARK [1][-]{section.4.5}{\376\377\000P\000l\000a\000t\000e\000f\000o\000r\000m\000e\000M\000o\000n\000d\000e\000D\000e\000s\000C\000u\000b\000e\000s\000\040\000C\000l\000a\000s\000s\000\040\000R\000e\000f\000e\000r\000e\000n\000c\000e}{chapter.4}
\BOOKMARK [2][-]{subsection.4.5.1}{\376\377\000D\000e\000t\000a\000i\000l\000e\000d\000\040\000D\000e\000s\000c\000r\000i\000p\000t\000i\000o\000n}{section.4.5}
\BOOKMARK [2][-]{subsection.4.5.2}{\376\377\000M\000e\000m\000b\000e\000r\000\040\000F\000u\000n\000c\000t\000i\000o\000n\000\040\000D\000o\000c\000u\000m\000e\000n\000t\000a\000t\000i\000o\000n}{section.4.5}
\BOOKMARK [3][-]{subsubsection.4.5.2.1}{\376\377\000a\000d\000d\000E\000c\000o\000A\000g\000e\000n\000t}{subsection.4.5.2}
\BOOKMARK [3][-]{subsubsection.4.5.2.2}{\376\377\000g\000e\000t\000N\000o\000m\000b\000r\000e\000D\000e\000C\000u\000b\000e\000s}{subsection.4.5.2}
\BOOKMARK [3][-]{subsubsection.4.5.2.3}{\376\377\000g\000e\000t\000T\000a\000b\000l\000e\000I\000D}{subsection.4.5.2}
\BOOKMARK [3][-]{subsubsection.4.5.2.4}{\376\377\000i\000n\000i\000t\000i\000a\000l\000i\000s\000e\000r}{subsection.4.5.2}
\BOOKMARK [3][-]{subsubsection.4.5.2.5}{\376\377\000o\000b\000t\000e\000n\000i\000r\000C\000u\000b\000e\000P\000r\000i\000o\000r\000i\000t\000a\000i\000r\000e}{subsection.4.5.2}
\BOOKMARK [3][-]{subsubsection.4.5.2.6}{\376\377\000o\000b\000t\000e\000n\000i\000r\000G\000e\000n\000e\000u\000r}{subsection.4.5.2}
\BOOKMARK [3][-]{subsubsection.4.5.2.7}{\376\377\000r\000e\000s\000o\000u\000d\000r\000e}{subsection.4.5.2}
\BOOKMARK [3][-]{subsubsection.4.5.2.8}{\376\377\000s\000e\000t\000C\000u\000b\000e\000I\000D}{subsection.4.5.2}
\BOOKMARK [3][-]{subsubsection.4.5.2.9}{\376\377\000s\000e\000t\000N\000o\000m\000b\000r\000e\000D\000e\000C\000u\000b\000e\000s}{subsection.4.5.2}
\BOOKMARK [3][-]{subsubsection.4.5.2.10}{\376\377\000s\000e\000t\000P\000o\000s\000i\000t\000i\000o\000n\000C\000o\000u\000r\000a\000n\000t\000e}{subsection.4.5.2}
\BOOKMARK [3][-]{subsubsection.4.5.2.11}{\376\377\000s\000e\000t\000P\000o\000s\000i\000t\000i\000o\000n\000F\000i\000n\000a\000l\000e}{subsection.4.5.2}
\BOOKMARK [3][-]{subsubsection.4.5.2.12}{\376\377\000s\000e\000t\000T\000a\000b\000l\000e\000I\000d\000e\000n\000t\000i\000f\000i\000a\000n\000t}{subsection.4.5.2}
\BOOKMARK [3][-]{subsubsection.4.5.2.13}{\376\377\000v\000e\000r\000i\000f\000i\000e\000r\000N\000o\000m\000b\000r\000e\000D\000e\000C\000u\000b\000e\000s}{subsection.4.5.2}
\BOOKMARK [1][-]{section.4.6}{\376\377\000R\000e\000g\000l\000e\000\040\000C\000l\000a\000s\000s\000\040\000R\000e\000f\000e\000r\000e\000n\000c\000e}{chapter.4}
\BOOKMARK [2][-]{subsection.4.6.1}{\376\377\000D\000e\000t\000a\000i\000l\000e\000d\000\040\000D\000e\000s\000c\000r\000i\000p\000t\000i\000o\000n}{section.4.6}
\BOOKMARK [2][-]{subsection.4.6.2}{\376\377\000M\000e\000m\000b\000e\000r\000\040\000F\000u\000n\000c\000t\000i\000o\000n\000\040\000D\000o\000c\000u\000m\000e\000n\000t\000a\000t\000i\000o\000n}{section.4.6}
\BOOKMARK [3][-]{subsubsection.4.6.2.1}{\376\377\000v\000e\000r\000i\000f\000i\000e\000r}{subsection.4.6.2}
\BOOKMARK [1][-]{section.4.7}{\376\377\000S\000i\000n\000g\000l\000e\000t\000o\000n\000<\000\040\000T\000\040\000>\000\040\000C\000l\000a\000s\000s\000\040\000T\000e\000m\000p\000l\000a\000t\000e\000\040\000R\000e\000f\000e\000r\000e\000n\000c\000e}{chapter.4}
\BOOKMARK [2][-]{subsection.4.7.1}{\376\377\000D\000e\000t\000a\000i\000l\000e\000d\000\040\000D\000e\000s\000c\000r\000i\000p\000t\000i\000o\000n}{section.4.7}
\BOOKMARK [2][-]{subsection.4.7.2}{\376\377\000C\000o\000n\000s\000t\000r\000u\000c\000t\000o\000r\000\040\000\046\000\040\000D\000e\000s\000t\000r\000u\000c\000t\000o\000r\000\040\000D\000o\000c\000u\000m\000e\000n\000t\000a\000t\000i\000o\000n}{section.4.7}
\BOOKMARK [3][-]{subsubsection.4.7.2.1}{\376\377\000S\000i\000n\000g\000l\000e\000t\000o\000n}{subsection.4.7.2}
\BOOKMARK [3][-]{subsubsection.4.7.2.2}{\376\377\000S\000i\000n\000g\000l\000e\000t\000o\000n}{subsection.4.7.2}
\BOOKMARK [2][-]{subsection.4.7.3}{\376\377\000M\000e\000m\000b\000e\000r\000\040\000F\000u\000n\000c\000t\000i\000o\000n\000\040\000D\000o\000c\000u\000m\000e\000n\000t\000a\000t\000i\000o\000n}{section.4.7}
\BOOKMARK [3][-]{subsubsection.4.7.3.1}{\376\377\000g\000e\000t\000I\000n\000s\000t\000a\000n\000c\000e}{subsection.4.7.3}
\BOOKMARK [3][-]{subsubsection.4.7.3.2}{\376\377\000k\000i\000l\000l}{subsection.4.7.3}
\BOOKMARK [1][-]{section.4.8}{\376\377\000T\000a\000b\000l\000e\000\040\000C\000l\000a\000s\000s\000\040\000R\000e\000f\000e\000r\000e\000n\000c\000e}{chapter.4}
\BOOKMARK [2][-]{subsection.4.8.1}{\376\377\000D\000e\000t\000a\000i\000l\000e\000d\000\040\000D\000e\000s\000c\000r\000i\000p\000t\000i\000o\000n}{section.4.8}
\BOOKMARK [2][-]{subsection.4.8.2}{\376\377\000C\000o\000n\000s\000t\000r\000u\000c\000t\000o\000r\000\040\000\046\000\040\000D\000e\000s\000t\000r\000u\000c\000t\000o\000r\000\040\000D\000o\000c\000u\000m\000e\000n\000t\000a\000t\000i\000o\000n}{section.4.8}
\BOOKMARK [3][-]{subsubsection.4.8.2.1}{\376\377\000T\000a\000b\000l\000e}{subsection.4.8.2}
\BOOKMARK [3][-]{subsubsection.4.8.2.2}{\376\377\000T\000a\000b\000l\000e}{subsection.4.8.2}
\BOOKMARK [3][-]{subsubsection.4.8.2.3}{\376\377\000T\000a\000b\000l\000e}{subsection.4.8.2}
\BOOKMARK [2][-]{subsection.4.8.3}{\376\377\000M\000e\000m\000b\000e\000r\000\040\000F\000u\000n\000c\000t\000i\000o\000n\000\040\000D\000o\000c\000u\000m\000e\000n\000t\000a\000t\000i\000o\000n}{section.4.8}
\BOOKMARK [3][-]{subsubsection.4.8.3.1}{\376\377\000a\000g\000r\000e\000s\000s\000e\000r}{subsection.4.8.3}
\BOOKMARK [0][-]{chapter.5}{\376\377\000F\000i\000l\000e\000\040\000D\000o\000c\000u\000m\000e\000n\000t\000a\000t\000i\000o\000n}{}
\BOOKMARK [1][-]{section.5.1}{\376\377\000t\000r\000u\000n\000k\000/\000i\000n\000c\000l\000u\000d\000e\000/\000c\000u\000b\000e\000.\000h\000p\000p\000\040\000F\000i\000l\000e\000\040\000R\000e\000f\000e\000r\000e\000n\000c\000e}{chapter.5}
\BOOKMARK [2][-]{subsection.5.1.1}{\376\377\000D\000e\000t\000a\000i\000l\000e\000d\000\040\000D\000e\000s\000c\000r\000i\000p\000t\000i\000o\000n}{section.5.1}
\BOOKMARK [1][-]{section.5.2}{\376\377\000t\000r\000u\000n\000k\000/\000i\000n\000c\000l\000u\000d\000e\000/\000e\000c\000o\000A\000g\000e\000n\000t\000.\000h\000p\000p\000\040\000F\000i\000l\000e\000\040\000R\000e\000f\000e\000r\000e\000n\000c\000e}{chapter.5}
\BOOKMARK [2][-]{subsection.5.2.1}{\376\377\000D\000e\000t\000a\000i\000l\000e\000d\000\040\000D\000e\000s\000c\000r\000i\000p\000t\000i\000o\000n}{section.5.2}
\BOOKMARK [1][-]{section.5.3}{\376\377\000t\000r\000u\000n\000k\000/\000i\000n\000c\000l\000u\000d\000e\000/\000e\000c\000o\000A\000g\000e\000n\000t\000I\000D\000.\000h\000p\000p\000\040\000F\000i\000l\000e\000\040\000R\000e\000f\000e\000r\000e\000n\000c\000e}{chapter.5}
\BOOKMARK [2][-]{subsection.5.3.1}{\376\377\000D\000e\000t\000a\000i\000l\000e\000d\000\040\000D\000e\000s\000c\000r\000i\000p\000t\000i\000o\000n}{section.5.3}
\BOOKMARK [1][-]{section.5.4}{\376\377\000t\000r\000u\000n\000k\000/\000i\000n\000c\000l\000u\000d\000e\000/\000e\000t\000a\000t\000.\000h\000p\000p\000\040\000F\000i\000l\000e\000\040\000R\000e\000f\000e\000r\000e\000n\000c\000e}{chapter.5}
\BOOKMARK [2][-]{subsection.5.4.1}{\376\377\000D\000e\000t\000a\000i\000l\000e\000d\000\040\000D\000e\000s\000c\000r\000i\000p\000t\000i\000o\000n}{section.5.4}
\BOOKMARK [1][-]{section.5.5}{\376\377\000t\000r\000u\000n\000k\000/\000i\000n\000c\000l\000u\000d\000e\000/\000p\000l\000a\000t\000e\000f\000o\000r\000m\000e\000E\000c\000o\000R\000e\000s\000o\000l\000u\000t\000i\000o\000n\000.\000h\000p\000p\000\040\000F\000i\000l\000e\000\040\000R\000e\000f\000e\000r\000e\000n\000c\000e}{chapter.5}
\BOOKMARK [2][-]{subsection.5.5.1}{\376\377\000D\000e\000t\000a\000i\000l\000e\000d\000\040\000D\000e\000s\000c\000r\000i\000p\000t\000i\000o\000n}{section.5.5}
\BOOKMARK [1][-]{section.5.6}{\376\377\000t\000r\000u\000n\000k\000/\000i\000n\000c\000l\000u\000d\000e\000/\000p\000l\000a\000t\000e\000f\000o\000r\000m\000e\000M\000o\000n\000d\000e\000D\000e\000s\000C\000u\000b\000e\000s\000.\000h\000p\000p\000\040\000F\000i\000l\000e\000\040\000R\000e\000f\000e\000r\000e\000n\000c\000e}{chapter.5}
\BOOKMARK [2][-]{subsection.5.6.1}{\376\377\000D\000e\000t\000a\000i\000l\000e\000d\000\040\000D\000e\000s\000c\000r\000i\000p\000t\000i\000o\000n}{section.5.6}
\BOOKMARK [1][-]{section.5.7}{\376\377\000t\000r\000u\000n\000k\000/\000i\000n\000c\000l\000u\000d\000e\000/\000r\000e\000g\000l\000e\000.\000h\000p\000p\000\040\000F\000i\000l\000e\000\040\000R\000e\000f\000e\000r\000e\000n\000c\000e}{chapter.5}
\BOOKMARK [2][-]{subsection.5.7.1}{\376\377\000D\000e\000t\000a\000i\000l\000e\000d\000\040\000D\000e\000s\000c\000r\000i\000p\000t\000i\000o\000n}{section.5.7}
\BOOKMARK [1][-]{section.5.8}{\376\377\000t\000r\000u\000n\000k\000/\000i\000n\000c\000l\000u\000d\000e\000/\000s\000i\000n\000g\000l\000e\000t\000o\000n\000.\000h\000p\000p\000\040\000F\000i\000l\000e\000\040\000R\000e\000f\000e\000r\000e\000n\000c\000e}{chapter.5}
\BOOKMARK [2][-]{subsection.5.8.1}{\376\377\000D\000e\000t\000a\000i\000l\000e\000d\000\040\000D\000e\000s\000c\000r\000i\000p\000t\000i\000o\000n}{section.5.8}
\BOOKMARK [1][-]{section.5.9}{\376\377\000t\000r\000u\000n\000k\000/\000i\000n\000c\000l\000u\000d\000e\000/\000t\000a\000b\000l\000e\000.\000h\000p\000p\000\040\000F\000i\000l\000e\000\040\000R\000e\000f\000e\000r\000e\000n\000c\000e}{chapter.5}
\BOOKMARK [2][-]{subsection.5.9.1}{\376\377\000D\000e\000t\000a\000i\000l\000e\000d\000\040\000D\000e\000s\000c\000r\000i\000p\000t\000i\000o\000n}{section.5.9}
